<?xml version="1.0" encoding="UTF-8"?>
<!-- Generated by org.testng.reporters.JUnitReportReporter -->
<testsuite hostname="DESKTOP-G13II8U" failures="0" tests="2" name="practice.Config" time="0.025" errors="0" timestamp="2025-07-02T14:47:49 IST" skipped="0">
  <testcase classname="practice.Config" name="createconfig" time="0.021"/>
  <system-out/>
  <testcase classname="practice.Config" name="createconfigTest" time="0.004"/>
  <system-out/>
</testsuite> <!-- practice.Config -->
