<?xml version="1.0" encoding="UTF-8"?>
<!-- Generated by org.testng.reporters.JUnitReportReporter -->
<testsuite hostname="DESKTOP-G13II8U" failures="0" tests="1" name="practice.ScreenShot_TestNG" time="5.046" errors="0" timestamp="2025-07-05T13:06:28 IST" skipped="0">
  <testcase classname="practice.ScreenShot_TestNG" name="amazonTest" time="5.046"/>
  <system-out/>
</testsuite> <!-- practice.ScreenShot_TestNG -->
