<?xml version="1.0" encoding="UTF-8"?>
<!-- Generated by org.testng.reporters.JUnitReportReporter -->
<testsuite hostname="DESKTOP-G13II8U" failures="0" tests="1" name="practice.TestNg_01_OrgTest" time="13.558" errors="0" timestamp="2025-07-08T18:27:20 IST" skipped="0">
  <testcase classname="practice.TestNg_01_OrgTest" name="createOrgTest" time="13.558"/>
  <system-out/>
</testsuite> <!-- practice.TestNg_01_OrgTest -->
