<?xml version="1.0" encoding="UTF-8"?>
<!-- Generated by org.testng.reporters.JUnitReportReporter -->
<testsuite hostname="DESKTOP-G13II8U" failures="0" tests="3" name="practice.SampleTest" time="0.020" errors="0" timestamp="2025-06-30T15:54:35 IST" skipped="0">
  <testcase classname="practice.SampleTest" name="test" time="0.001"/>
  <system-out/>
  <testcase classname="practice.SampleTest" name="createContactTest" time="0.018"/>
  <system-out/>
  <testcase classname="practice.SampleTest" name="createContactWithMobileNumberTest" time="0.001"/>
  <system-out/>
</testsuite> <!-- practice.SampleTest -->
