<?xml version="1.0" encoding="UTF-8"?>
<!-- Generated by org.testng.reporters.JUnitReportReporter -->
<testsuite hostname="DESKTOP-G13II8U" failures="0" tests="1" name="practice.Broken_Links" time="82.333" errors="0" timestamp="2025-07-18T13:15:08 IST" skipped="0">
  <testcase classname="practice.Broken_Links" name="handlebroken" time="82.333"/>
  <system-out/>
</testsuite> <!-- practice.Broken_Links -->
