<?xml version="1.0" encoding="UTF-8"?>
<!-- Generated by org.testng.reporters.JUnitReportReporter -->
<testsuite hostname="DESKTOP-G13II8U" failures="0" tests="1" name="practice.TestNg_04_ContactTest" time="11.092" errors="0" timestamp="2025-07-02T17:58:56 IST" skipped="0">
  <testcase classname="practice.TestNg_04_ContactTest" name="createContactTest" time="11.092"/>
  <system-out/>
</testsuite> <!-- practice.TestNg_04_ContactTest -->
