<?xml version="1.0" encoding="UTF-8"?>
<!-- Generated by org.testng.reporters.JUnitReportReporter -->
<testsuite hostname="DESKTOP-G13II8U" failures="0" tests="2" name="practice.Assertion_HardAssert" time="0.019" errors="0" timestamp="2025-07-04T15:56:46 IST" skipped="0">
  <testcase classname="practice.Assertion_HardAssert" name="homepage" time="0.016"/>
  <system-out>
    <![CDATA[homepagetest start
Step-1
Step-2
Step-3
Step-4]]>
  </system-out>
  <testcase classname="practice.Assertion_HardAssert" name="verifylogo" time="0.003"/>
  <system-out>
    <![CDATA[verifylogotest start
Step-1
Step-2
Step-3
Step-4]]>
  </system-out>
</testsuite> <!-- practice.Assertion_HardAssert -->
