<?xml version="1.0" encoding="UTF-8"?>
<!-- Generated by org.testng.reporters.JUnitReportReporter -->
<testsuite hostname="DESKTOP-G13II8U" failures="0" tests="11" name="practice.OrderTest_TestNG" time="0.040" errors="0" timestamp="2025-06-30T17:37:55 IST" skipped="1">
  <testcase classname="practice.OrderTest_TestNG" name="createOrderTest" time="0.001"/>
  <system-out/>
  <testcase classname="practice.OrderTest_TestNG" name="createOrderTest" time="0.003"/>
  <system-out/>
  <testcase classname="practice.OrderTest_TestNG" name="createOrderTest" time="0.023"/>
  <system-out/>
  <testcase classname="practice.OrderTest_TestNG" name="createOrderTest" time="0.001"/>
  <system-out/>
  <testcase classname="practice.OrderTest_TestNG" name="createOrderTest" time="0.003"/>
  <system-out/>
  <testcase classname="practice.OrderTest_TestNG" name="createOrderTest" time="0.001"/>
  <system-out/>
  <testcase classname="practice.OrderTest_TestNG" name="createOrderTest" time="0.002"/>
  <system-out/>
  <testcase classname="practice.OrderTest_TestNG" name="createOrderTest" time="0.003"/>
  <system-out/>
  <testcase classname="practice.OrderTest_TestNG" name="createOrderTest" time="0.002"/>
  <system-out/>
  <testcase classname="practice.OrderTest_TestNG" name="createOrderTest" time="0.001"/>
  <system-out/>
  <testcase classname="practice.OrderTest_TestNG" name="billingAndOrder">
    <skipped/>
  </testcase> <!-- billingAndOrder -->
  <system-out/>
</testsuite> <!-- practice.OrderTest_TestNG -->
