<?xml version="1.0" encoding="UTF-8"?>
<!-- Generated by org.testng.reporters.JUnitReportReporter -->
<testsuite hostname="DESKTOP-G13II8U" failures="0" tests="1" name="practice.ToCreateOrgTest" time="6.542" errors="0" timestamp="2025-06-18T12:42:00 IST" skipped="0">
  <testcase classname="practice.ToCreateOrgTest" name="sampleTest" time="6.542"/>
</testsuite> <!-- practice.ToCreateOrgTest -->
