<?xml version="1.0" encoding="UTF-8"?>
<!-- Generated by org.testng.reporters.JUnitReportReporter -->
<testsuite hostname="DESKTOP-G13II8U" failures="0" tests="2" name="practice.Config_TC_01" time="0.004" errors="0" timestamp="2025-07-02T15:32:00 IST" skipped="0">
  <testcase classname="practice.Config_TC_01" name="createOrg" time="0.002"/>
  <system-out/>
  <testcase classname="practice.Config_TC_01" name="createOrgwithIndustry" time="0.002"/>
  <system-out/>
</testsuite> <!-- practice.Config_TC_01 -->
