<?xml version="1.0" encoding="UTF-8"?>
<!-- Generated by org.testng.reporters.JUnitReportReporter -->
<testsuite hostname="DESKTOP-G13II8U" failures="0" tests="1" name="practice.goibibo" time="61.491" errors="0" timestamp="2025-07-19T11:34:07 IST" skipped="0">
  <testcase classname="practice.goibibo" name="goibiboTest" time="61.491"/>
  <system-out/>
</testsuite> <!-- practice.goibibo -->
