<?xml version="1.0" encoding="UTF-8"?>
<!-- Generated by org.testng.reporters.JUnitReportReporter -->
<testsuite hostname="DESKTOP-G13II8U" failures="0" tests="2" name="practice.TestNG_Product" time="26.740" errors="0" timestamp="2025-07-02T23:22:27 IST" skipped="0">
  <testcase classname="practice.TestNG_Product" name="createProductTest" time="15.068"/>
  <system-out/>
  <testcase classname="practice.TestNG_Product" name="createProductwithCategory" time="11.672"/>
  <system-out/>
</testsuite> <!-- practice.TestNG_Product -->
