<?xml version="1.0" encoding="UTF-8"?>
<!-- Generated by org.testng.reporters.JUnitReportReporter -->
<testsuite hostname="DESKTOP-G13II8U" failures="0" tests="3" name="practice.Task_TS" time="0.024" errors="0" timestamp="2025-07-15T12:07:05 IST" skipped="0">
  <testcase classname="practice.Task_TS" name="Don" time="0.017"/>
  <system-out/>
  <testcase classname="practice.Task_TS" name="pardes" time="0.004"/>
  <system-out/>
  <testcase classname="practice.Task_TS" name="swades" time="0.003"/>
  <system-out/>
</testsuite> <!-- practice.Task_TS -->
