<?xml version="1.0" encoding="UTF-8"?>
<!-- Generated by org.testng.reporters.JUnitReportReporter -->
<testsuite hostname="DESKTOP-G13II8U" failures="0" tests="1" name="practice.TestNG_02_OrgwithIndustry" time="12.670" errors="0" timestamp="2025-07-02T17:58:56 IST" skipped="0">
  <testcase classname="practice.TestNG_02_OrgwithIndustry" name="createOrgwithIndustry" time="12.670"/>
  <system-out/>
</testsuite> <!-- practice.TestNG_02_OrgwithIndustry -->
