<?xml version="1.0" encoding="UTF-8"?>
<!-- Generated by org.testng.reporters.JUnitReportReporter -->
<testsuite hostname="DESKTOP-G13II8U" failures="0" tests="1" name="practice.TestNG_08_LeadswithPhoneNumber" time="11.078" errors="0" timestamp="2025-07-02T17:58:56 IST" skipped="0">
  <testcase classname="practice.TestNG_08_LeadswithPhoneNumber" name="createLeadswithPhoneNumber" time="11.078"/>
  <system-out/>
</testsuite> <!-- practice.TestNG_08_LeadswithPhoneNumber -->
