<?xml version="1.0" encoding="UTF-8"?>
<!-- Generated by org.testng.reporters.JUnitReportReporter -->
<testsuite hostname="DESKTOP-G13II8U" failures="0" tests="2" name="practice.TestNG_Leads" time="37.180" errors="0" timestamp="2025-07-16T22:10:33 IST" skipped="0">
  <testcase classname="practice.TestNG_Leads" name="createLeadswithPhoneNumber" time="14.429"/>
  <system-out/>
  <testcase classname="practice.TestNG_Leads" name="createLeadsTest" time="22.751"/>
  <system-out/>
</testsuite> <!-- practice.TestNG_Leads -->
