<?xml version="1.0" encoding="UTF-8"?>
<!-- Generated by org.testng.reporters.JUnitReportReporter -->
<testsuite hostname="DESKTOP-G13II8U" failures="0" tests="3" name="practice.ContactTest_TestNG" time="0.022" errors="0" timestamp="2025-06-30T17:20:24 IST" skipped="0">
  <testcase classname="practice.ContactTest_TestNG" name="createContact" time="0.018"/>
  <system-out/>
  <testcase classname="practice.ContactTest_TestNG" name="deleteContact" time="0.002"/>
  <system-out/>
  <testcase classname="practice.ContactTest_TestNG" name="modifyContact" time="0.002"/>
  <system-out/>
</testsuite> <!-- practice.ContactTest_TestNG -->
