<?xml version="1.0" encoding="UTF-8"?>
<!-- Generated by org.testng.reporters.JUnitReportReporter -->
<testsuite hostname="DESKTOP-G13II8U" failures="0" tests="3" name="practice.TestNG_Org" time="53.654" errors="0" timestamp="2025-07-16T22:10:33 IST" skipped="0">
  <testcase classname="practice.TestNG_Org" name="createOrgwithIndustry" time="19.210"/>
  <system-out/>
  <testcase classname="practice.TestNG_Org" name="createOrgTest" time="19.771"/>
  <system-out/>
  <testcase classname="practice.TestNG_Org" name="createOrgwithPhoneNumber" time="14.673"/>
  <system-out/>
</testsuite> <!-- practice.TestNG_Org -->
