<?xml version="1.0" encoding="UTF-8"?>
<!-- Generated by org.testng.reporters.JUnitReportReporter -->
<testsuite hostname="DESKTOP-G13II8U" failures="0" tests="3" name="practice.DataProvider_GetProductInfo" time="25.776" errors="0" timestamp="2025-07-02T14:50:12 IST" skipped="0">
  <testcase classname="practice.DataProvider_GetProductInfo" name="getProductInfo" time="7.816"/>
  <system-out/>
  <testcase classname="practice.DataProvider_GetProductInfo" name="getProductInfo" time="7.945"/>
  <system-out/>
  <testcase classname="practice.DataProvider_GetProductInfo" name="getProductInfo" time="10.015"/>
  <system-out/>
</testsuite> <!-- practice.DataProvider_GetProductInfo -->
