<?xml version="1.0" encoding="UTF-8"?>
<!-- Generated by org.testng.reporters.JUnitReportReporter -->
<testsuite hostname="DESKTOP-G13II8U" failures="0" tests="3" name="practice.TestNG_Org" time="45.019" errors="0" timestamp="2025-07-08T14:39:56 IST" skipped="0">
  <testcase classname="practice.TestNG_Org" name="createOrgwithIndustry" time="13.241"/>
  <system-out/>
  <testcase classname="practice.TestNG_Org" name="createOrgwithPhoneNumber" time="13.031"/>
  <system-out/>
  <testcase classname="practice.TestNG_Org" name="createOrgTest" time="18.747"/>
  <system-out/>
</testsuite> <!-- practice.TestNG_Org -->
