<?xml version="1.0" encoding="UTF-8"?>
<!-- Generated by org.testng.reporters.JUnitReportReporter -->
<testsuite hostname="DESKTOP-G13II8U" failures="0" tests="1" name="practice.ReadRunTimeMavenParameterTest" time="0.010" errors="0" timestamp="2025-06-17T13:24:31 IST" skipped="0">
  <testcase classname="practice.ReadRunTimeMavenParameterTest" name="runtimeParameterTest" time="0.010"/>
</testsuite> <!-- practice.ReadRunTimeMavenParameterTest -->
