<?xml version="1.0" encoding="UTF-8"?>
<!-- Generated by org.testng.reporters.JUnitReportReporter -->
<testsuite hostname="DESKTOP-G13II8U" failures="0" tests="1" name="practice.TestNG_Contacts" time="13.834" errors="0" timestamp="2025-07-03T22:41:17 IST" skipped="0">
  <testcase classname="practice.TestNG_Contacts" name="createContactTest" time="13.834"/>
  <system-out/>
</testsuite> <!-- practice.TestNG_Contacts -->
