<?xml version="1.0" encoding="UTF-8"?>
<!-- Generated by org.testng.reporters.JUnitReportReporter -->
<testsuite hostname="DESKTOP-G13II8U" failures="0" tests="3" name="practice.CreateContact_TestNG" time="0.028" errors="0" timestamp="2025-06-30T16:41:41 IST" skipped="0">
  <testcase classname="practice.CreateContact_TestNG" name="navigateToContactTest" time="0.003"/>
  <system-out/>
  <testcase classname="practice.CreateContact_TestNG" name="createContactTest" time="0.023"/>
  <system-out/>
  <testcase classname="practice.CreateContact_TestNG" name="login" time="0.002"/>
  <system-out/>
</testsuite> <!-- practice.CreateContact_TestNG -->
