<?xml version="1.0" encoding="UTF-8"?>
<!-- Generated by org.testng.reporters.JUnitReportReporter -->
<testsuite hostname="DESKTOP-G13II8U" failures="0" tests="2" name="practice.Assertion_HomePageTest" time="12.625" errors="0" timestamp="2025-07-06T12:48:24 IST" skipped="0">
  <testcase classname="practice.Assertion_HomePageTest" name="homepage" time="7.636"/>
  <system-out/>
  <testcase classname="practice.Assertion_HomePageTest" name="verifylogo" time="4.989"/>
  <system-out/>
</testsuite> <!-- practice.Assertion_HomePageTest -->
