<?xml version="1.0" encoding="UTF-8"?>
<!-- Generated by org.testng.reporters.JUnitReportReporter -->
<testsuite hostname="DESKTOP-G13II8U" failures="0" tests="1" name="practice.SampleTest_withPOM" time="15.969" errors="0" timestamp="2025-06-26T16:04:16 IST" skipped="0">
  <testcase classname="practice.SampleTest_withPOM" name="sampleTest" time="15.969"/>
  <system-out/>
</testsuite> <!-- practice.SampleTest_withPOM -->
