<?xml version="1.0" encoding="UTF-8"?>
<!-- Generated by org.testng.reporters.JUnitReportReporter -->
<testsuite hostname="DESKTOP-G13II8U" failures="0" tests="2" name="practice.Config_TC_02" time="0.012" errors="0" timestamp="2025-07-02T15:32:00 IST" skipped="0">
  <testcase classname="practice.Config_TC_02" name="createContactwithDate" time="0.003"/>
  <system-out/>
  <testcase classname="practice.Config_TC_02" name="createContact" time="0.009"/>
  <system-out/>
</testsuite> <!-- practice.Config_TC_02 -->
