<?xml version="1.0" encoding="UTF-8"?>
<!-- Generated by org.testng.reporters.JUnitReportReporter -->
<testsuite hostname="DESKTOP-G13II8U" failures="0" tests="3" name="practice.DataProvider_Test" time="0.041" errors="0" timestamp="2025-07-01T15:26:02 IST" skipped="0">
  <testcase classname="practice.DataProvider_Test" name="createContactTest" time="0.037"/>
  <system-out/>
  <testcase classname="practice.DataProvider_Test" name="createContactTest" time="0.002"/>
  <system-out/>
  <testcase classname="practice.DataProvider_Test" name="createContactTest" time="0.002"/>
  <system-out/>
</testsuite> <!-- practice.DataProvider_Test -->
