<?xml version="1.0" encoding="UTF-8"?>
<!-- Generated by org.testng.reporters.JUnitReportReporter -->
<testsuite hostname="DESKTOP-G13II8U" failures="0" tests="1" name="practice.TestNG_09_ProductTest" time="10.739" errors="0" timestamp="2025-07-02T17:58:56 IST" skipped="0">
  <testcase classname="practice.TestNG_09_ProductTest" name="createProductTest" time="10.739"/>
  <system-out/>
</testsuite> <!-- practice.TestNG_09_ProductTest -->
