<?xml version="1.0" encoding="UTF-8"?>
<!-- Generated by org.testng.reporters.JUnitReportReporter -->
<testsuite hostname="DESKTOP-G13II8U" failures="0" tests="1" name="practice.sample" time="10.963" errors="0" timestamp="2025-07-07T14:55:12 IST" skipped="0">
  <testcase classname="practice.sample" name="CreateContactWithSupportDateTest" time="10.963"/>
  <system-out/>
</testsuite> <!-- practice.sample -->
