<?xml version="1.0" encoding="UTF-8"?>
<!-- Generated by org.testng.reporters.JUnitReportReporter -->
<testsuite hostname="DESKTOP-G13II8U" failures="0" tests="2" name="practice.BaseClaass_01" time="0.017" errors="0" timestamp="2025-07-02T14:59:21 IST" skipped="0">
  <testcase classname="practice.BaseClaass_01" name="createOrg" time="0.015"/>
  <system-out/>
  <testcase classname="practice.BaseClaass_01" name="createOrgwithIndustry" time="0.002"/>
  <system-out/>
</testsuite> <!-- practice.BaseClaass_01 -->
