<?xml version="1.0" encoding="UTF-8"?>
<!-- Generated by org.testng.reporters.JUnitReportReporter -->
<testsuite hostname="DESKTOP-G13II8U" failures="0" tests="1" name="practice.Sample_ReportTest_ScreenShot" time="2.833" errors="0" timestamp="2025-07-07T16:40:07 IST" skipped="0">
  <testcase classname="practice.Sample_ReportTest_ScreenShot" name="createTest" time="2.833"/>
  <system-out/>
</testsuite> <!-- practice.Sample_ReportTest_ScreenShot -->
