<?xml version="1.0" encoding="UTF-8"?>
<!-- Generated by org.testng.reporters.JUnitReportReporter -->
<testsuite hostname="DESKTOP-G13II8U" failures="0" tests="3" name="practice.Sample_ReportTest" time="0.277" errors="0" timestamp="2025-07-07T15:47:07 IST" skipped="0">
  <testcase classname="practice.Sample_ReportTest" name="createContactTest" time="0.014"/>
  <system-out/>
  <testcase classname="practice.Sample_ReportTest" name="createContactWithORGTest" time="0.001"/>
  <system-out/>
  <testcase classname="practice.Sample_ReportTest" name="createTest" time="0.262"/>
  <system-out/>
</testsuite> <!-- practice.Sample_ReportTest -->
