<?xml version="1.0" encoding="UTF-8"?>
<!-- Generated by org.testng.reporters.JUnitReportReporter -->
<testsuite hostname="DESKTOP-G13II8U" failures="0" tests="1" name="practice.TestNg_01_ContactTest" time="12.807" errors="0" timestamp="2025-07-02T16:40:38 IST" skipped="0">
  <testcase classname="practice.TestNg_01_ContactTest" name="createContactTest" time="12.807"/>
  <system-out/>
</testsuite> <!-- practice.TestNg_01_ContactTest -->
