<?xml version="1.0" encoding="UTF-8"?>
<!-- Generated by org.testng.reporters.JUnitReportReporter -->
<testsuite hostname="DESKTOP-G13II8U" failures="0" tests="1" name="practice.TestNG_07_LeadsTest" time="10.312" errors="0" timestamp="2025-07-02T17:58:56 IST" skipped="0">
  <testcase classname="practice.TestNG_07_LeadsTest" name="createLeadsTest" time="10.312"/>
  <system-out/>
</testsuite> <!-- practice.TestNG_07_LeadsTest -->
