<?xml version="1.0" encoding="UTF-8"?>
<!-- Generated by org.testng.reporters.JUnitReportReporter -->
<testsuite hostname="DESKTOP-G13II8U" failures="0" tests="1" name="practice.TestNG_03_OrgwithPhoneNumber" time="14.419" errors="0" timestamp="2025-07-02T18:09:25 IST" skipped="0">
  <testcase classname="practice.TestNG_03_OrgwithPhoneNumber" name="createOrgwithPhoneNumber" time="14.419"/>
  <system-out/>
</testsuite> <!-- practice.TestNG_03_OrgwithPhoneNumber -->
