<?xml version="1.0" encoding="UTF-8"?>
<!-- Generated by org.testng.reporters.JUnitReportReporter -->
<testsuite hostname="DESKTOP-G13II8U" failures="0" tests="2" name="practice.TestNG_Product" time="40.043" errors="0" timestamp="2025-07-16T22:10:33 IST" skipped="0">
  <testcase classname="practice.TestNG_Product" name="createProductwithCategory" time="14.229"/>
  <system-out/>
  <testcase classname="practice.TestNG_Product" name="createProductTest" time="25.814"/>
  <system-out/>
</testsuite> <!-- practice.TestNG_Product -->
