<?xml version="1.0" encoding="UTF-8"?>
<!-- Generated by org.testng.reporters.JUnitReportReporter -->
<testsuite hostname="DESKTOP-G13II8U" failures="0" tests="1" name="practice.ToCreateOrgTestinXMLfile" time="28.614" errors="0" timestamp="2025-06-19T13:11:48 IST" skipped="0">
  <testcase classname="practice.ToCreateOrgTestinXMLfile" name="sampleTest" time="28.614"/>
  <system-out/>
</testsuite> <!-- practice.ToCreateOrgTestinXMLfile -->
