<?xml version="1.0" encoding="UTF-8"?>
<!-- Generated by org.testng.reporters.JUnitReportReporter -->
<testsuite hostname="DESKTOP-G13II8U" failures="0" tests="1" name="practice.ReadDatafromTestNGXmlTest" time="0.016" errors="0" timestamp="2025-06-18T11:12:21 IST" skipped="0">
  <testcase classname="practice.ReadDatafromTestNGXmlTest" name="sampleTest" time="0.016"/>
</testsuite> <!-- practice.ReadDatafromTestNGXmlTest -->
